<?xml version="1.0" encoding="UTF-8"?>
<!-- Generated by org.testng.reporters.JUnitReportReporter -->
<testsuite skipped="0" hostname="LAPTOP-1G7MV9OB" name="TestNGClass" tests="1" failures="0" timestamp="09 Jul 2018 17:57:48 GMT" time="325.507" errors="0">
  <testcase name="launchapp" time="325.507" classname="TestNGClass"/>
</testsuite> <!-- TestNGClass -->
